This file contains any messages produced by compilers while
running configure, to aid debugging if configure makes a mistake.

It was created by OpenVPN configure 2.7_git, which was
generated by GNU Autoconf 2.71.  Invocation command line was

  $ ./configure --no-create --no-recursion

## --------- ##
## Platform. ##
## --------- ##

hostname = thakshana-LOQ-15IAX9
uname -m = x86_64
uname -r = 6.8.0-52-generic
uname -s = Linux
uname -v = #53~22.04.1-Ubuntu SMP PREEMPT_DYNAMIC Wed Jan 15 19:18:46 UTC 2

/usr/bin/uname -p = x86_64
/bin/uname -X     = unknown

/bin/arch              = x86_64
/usr/bin/arch -k       = unknown
/usr/convex/getsysinfo = unknown
/usr/bin/hostinfo      = unknown
/bin/machine           = unknown
/usr/bin/oslevel       = unknown
/bin/universe          = unknown

PATH: /home/thakshana/.local/bin/
PATH: /home/thakshana/.nvm/versions/node/v22.13.1/bin/
PATH: /home/thakshana/.cargo/bin/
PATH: /home/thakshana/.local/bin/
PATH: /usr/local/sbin/
PATH: /usr/local/bin/
PATH: /usr/sbin/
PATH: /usr/bin/
PATH: /sbin/
PATH: /bin/
PATH: /usr/games/
PATH: /usr/local/games/
PATH: /snap/bin/
PATH: /snap/bin/


## ----------- ##
## Core tests. ##
## ----------- ##

configure:3117: looking for aux files: ltmain.sh compile config.guess config.sub missing install-sh
configure:3130:  trying ././
configure:3159:   ././ltmain.sh found
configure:3159:   ././compile found
configure:3159:   ././config.guess found
configure:3159:   ././config.sub found
configure:3159:   ././missing found
configure:3141:   ././install-sh found
configure:3333: checking for a BSD-compatible install
configure:3406: result: /usr/bin/install -c
configure:3417: checking whether build environment is sane
configure:3472: result: yes
configure:3631: checking for a race-free mkdir -p
configure:3675: result: /usr/bin/mkdir -p
configure:3682: checking for gawk
configure:3703: found /usr/bin/gawk
configure:3714: result: gawk
configure:3725: checking whether make sets $(MAKE)
configure:3748: result: yes
configure:3778: checking whether make supports nested variables
configure:3796: result: yes
configure:3943: checking whether make supports nested variables
configure:3961: result: yes
configure:3978: checking build system type
configure:3993: result: x86_64-pc-linux-gnu
configure:4013: checking host system type
configure:4027: result: x86_64-pc-linux-gnu
configure:4060: checking whether make supports the include directive
configure:4075: make -f confmf.GNU && cat confinc.out
make[1]: Entering directory '/home/thakshana/Desktop/THAKSHANA/thakshana-openvpn/code/openvpn_v2.6.13_develop'
make[1]: Leaving directory '/home/thakshana/Desktop/THAKSHANA/thakshana-openvpn/code/openvpn_v2.6.13_develop'
this is the am__doit target
configure:4078: $? = 0
configure:4097: result: yes (GNU style)
configure:4173: checking for gcc
configure:4194: found /usr/bin/gcc
configure:4205: result: gcc
configure:4558: checking for C compiler version
configure:4567: gcc --version >&5
gcc (Ubuntu 11.4.0-1ubuntu1~22.04) 11.4.0
Copyright (C) 2021 Free Software Foundation, Inc.
This is free software; see the source for copying conditions.  There is NO
warranty; not even for MERCHANTABILITY or FITNESS FOR A PARTICULAR PURPOSE.

configure:4578: $? = 0
configure:4567: gcc -v >&5
Using built-in specs.
COLLECT_GCC=gcc
COLLECT_LTO_WRAPPER=/usr/lib/gcc/x86_64-linux-gnu/11/lto-wrapper
OFFLOAD_TARGET_NAMES=nvptx-none:amdgcn-amdhsa
OFFLOAD_TARGET_DEFAULT=1
Target: x86_64-linux-gnu
Configured with: ../src/configure -v --with-pkgversion='Ubuntu 11.4.0-1ubuntu1~22.04' --with-bugurl=file:///usr/share/doc/gcc-11/README.Bugs --enable-languages=c,ada,c++,go,brig,d,fortran,objc,obj-c++,m2 --prefix=/usr --with-gcc-major-version-only --program-suffix=-11 --program-prefix=x86_64-linux-gnu- --enable-shared --enable-linker-build-id --libexecdir=/usr/lib --without-included-gettext --enable-threads=posix --libdir=/usr/lib --enable-nls --enable-bootstrap --enable-clocale=gnu --enable-libstdcxx-debug --enable-libstdcxx-time=yes --with-default-libstdcxx-abi=new --enable-gnu-unique-object --disable-vtable-verify --enable-plugin --enable-default-pie --with-system-zlib --enable-libphobos-checking=release --with-target-system-zlib=auto --enable-objc-gc=auto --enable-multiarch --disable-werror --enable-cet --with-arch-32=i686 --with-abi=m64 --with-multilib-list=m32,m64,mx32 --enable-multilib --with-tune=generic --enable-offload-targets=nvptx-none=/build/gcc-11-XeT9lY/gcc-11-11.4.0/debian/tmp-nvptx/usr,amdgcn-amdhsa=/build/gcc-11-XeT9lY/gcc-11-11.4.0/debian/tmp-gcn/usr --without-cuda-driver --enable-checking=release --build=x86_64-linux-gnu --host=x86_64-linux-gnu --target=x86_64-linux-gnu --with-build-config=bootstrap-lto-lean --enable-link-serialization=2
Thread model: posix
Supported LTO compression algorithms: zlib zstd
gcc version 11.4.0 (Ubuntu 11.4.0-1ubuntu1~22.04) 
... rest of stderr output deleted ...
configure:4578: $? = 0
configure:4567: gcc -V >&5
gcc: error: unrecognized command-line option '-V'
gcc: fatal error: no input files
compilation terminated.
configure:4578: $? = 1
configure:4567: gcc -qversion >&5
gcc: error: unrecognized command-line option '-qversion'; did you mean '--version'?
gcc: fatal error: no input files
compilation terminated.
configure:4578: $? = 1
configure:4567: gcc -version >&5
gcc: error: unrecognized command-line option '-version'
gcc: fatal error: no input files
compilation terminated.
configure:4578: $? = 1
configure:4598: checking whether the C compiler works
configure:4620: gcc    conftest.c  >&5
configure:4624: $? = 0
configure:4674: result: yes
configure:4677: checking for C compiler default output file name
configure:4679: result: a.out
configure:4685: checking for suffix of executables
configure:4692: gcc -o conftest    conftest.c  >&5
configure:4696: $? = 0
configure:4719: result: 
configure:4741: checking whether we are cross compiling
configure:4749: gcc -o conftest    conftest.c  >&5
configure:4753: $? = 0
configure:4760: ./conftest
configure:4764: $? = 0
configure:4779: result: no
configure:4784: checking for suffix of object files
configure:4807: gcc -c   conftest.c >&5
configure:4811: $? = 0
configure:4833: result: o
configure:4837: checking whether the compiler supports GNU C
configure:4857: gcc -c   conftest.c >&5
configure:4857: $? = 0
configure:4867: result: yes
configure:4878: checking whether gcc accepts -g
configure:4899: gcc -c -g  conftest.c >&5

## ---------------- ##
## Cache variables. ##
## ---------------- ##

ac_cv_build=x86_64-pc-linux-gnu
ac_cv_c_compiler_gnu=yes
ac_cv_env_CC_set=
ac_cv_env_CC_value=
ac_cv_env_CFLAGS_set=
ac_cv_env_CFLAGS_value=
ac_cv_env_CMOCKA_CFLAGS_set=
ac_cv_env_CMOCKA_CFLAGS_value=
ac_cv_env_CMOCKA_LIBS_set=
ac_cv_env_CMOCKA_LIBS_value=
ac_cv_env_CPPFLAGS_set=
ac_cv_env_CPPFLAGS_value=
ac_cv_env_CPP_set=
ac_cv_env_CPP_value=
ac_cv_env_GIT_set=
ac_cv_env_GIT_value=
ac_cv_env_IFCONFIG_set=
ac_cv_env_IFCONFIG_value=
ac_cv_env_IPROUTE_set=
ac_cv_env_IPROUTE_value=
ac_cv_env_LDFLAGS_set=
ac_cv_env_LDFLAGS_value=
ac_cv_env_LIBCAPNG_CFLAGS_set=
ac_cv_env_LIBCAPNG_CFLAGS_value=
ac_cv_env_LIBCAPNG_LIBS_set=
ac_cv_env_LIBCAPNG_LIBS_value=
ac_cv_env_LIBNL_GENL_CFLAGS_set=
ac_cv_env_LIBNL_GENL_CFLAGS_value=
ac_cv_env_LIBNL_GENL_LIBS_set=
ac_cv_env_LIBNL_GENL_LIBS_value=
ac_cv_env_LIBPAM_CFLAGS_set=
ac_cv_env_LIBPAM_CFLAGS_value=
ac_cv_env_LIBPAM_LIBS_set=
ac_cv_env_LIBPAM_LIBS_value=
ac_cv_env_LIBS_set=
ac_cv_env_LIBS_value=
ac_cv_env_LT_SYS_LIBRARY_PATH_set=
ac_cv_env_LT_SYS_LIBRARY_PATH_value=
ac_cv_env_LZ4_CFLAGS_set=
ac_cv_env_LZ4_CFLAGS_value=
ac_cv_env_LZ4_LIBS_set=
ac_cv_env_LZ4_LIBS_value=
ac_cv_env_LZO_CFLAGS_set=
ac_cv_env_LZO_CFLAGS_value=
ac_cv_env_LZO_LIBS_set=
ac_cv_env_LZO_LIBS_value=
ac_cv_env_MBEDTLS_CFLAGS_set=
ac_cv_env_MBEDTLS_CFLAGS_value=
ac_cv_env_MBEDTLS_LIBS_set=
ac_cv_env_MBEDTLS_LIBS_value=
ac_cv_env_NETSTAT_set=
ac_cv_env_NETSTAT_value=
ac_cv_env_OPENSSL_CFLAGS_set=
ac_cv_env_OPENSSL_CFLAGS_value=
ac_cv_env_OPENSSL_LIBS_set=
ac_cv_env_OPENSSL_LIBS_value=
ac_cv_env_OPTIONAL_INOTIFY_CFLAGS_set=
ac_cv_env_OPTIONAL_INOTIFY_CFLAGS_value=
ac_cv_env_OPTIONAL_INOTIFY_LIBS_set=
ac_cv_env_OPTIONAL_INOTIFY_LIBS_value=
ac_cv_env_P11KIT_CFLAGS_set=
ac_cv_env_P11KIT_CFLAGS_value=
ac_cv_env_P11KIT_LIBS_set=
ac_cv_env_P11KIT_LIBS_value=
ac_cv_env_P11TOOL_set=
ac_cv_env_P11TOOL_value=
ac_cv_env_PKCS11_HELPER_CFLAGS_set=
ac_cv_env_PKCS11_HELPER_CFLAGS_value=
ac_cv_env_PKCS11_HELPER_LIBS_set=
ac_cv_env_PKCS11_HELPER_LIBS_value=
ac_cv_env_PKG_CONFIG_LIBDIR_set=
ac_cv_env_PKG_CONFIG_LIBDIR_value=
ac_cv_env_PKG_CONFIG_PATH_set=
ac_cv_env_PKG_CONFIG_PATH_value=
ac_cv_env_PKG_CONFIG_set=
ac_cv_env_PKG_CONFIG_value=
ac_cv_env_PLUGINDIR_set=
ac_cv_env_PLUGINDIR_value=
ac_cv_env_ROUTE_set=
ac_cv_env_ROUTE_value=
ac_cv_env_RST2HTML_set=
ac_cv_env_RST2HTML_value=
ac_cv_env_RST2MAN_set=
ac_cv_env_RST2MAN_value=
ac_cv_env_SOFTHSM2_MODULE_set=
ac_cv_env_SOFTHSM2_MODULE_value=
ac_cv_env_SOFTHSM2_UTIL_set=
ac_cv_env_SOFTHSM2_UTIL_value=
ac_cv_env_SYSTEMD_ASK_PASSWORD_set=
ac_cv_env_SYSTEMD_ASK_PASSWORD_value=
ac_cv_env_SYSTEMD_UNIT_DIR_set=
ac_cv_env_SYSTEMD_UNIT_DIR_value=
ac_cv_env_TAP_CFLAGS_set=
ac_cv_env_TAP_CFLAGS_value=
ac_cv_env_TMPFILES_DIR_set=
ac_cv_env_TMPFILES_DIR_value=
ac_cv_env_WOLFSSL_CFLAGS_set=
ac_cv_env_WOLFSSL_CFLAGS_value=
ac_cv_env_WOLFSSL_INCLUDEDIR_set=
ac_cv_env_WOLFSSL_INCLUDEDIR_value=
ac_cv_env_WOLFSSL_LIBS_set=
ac_cv_env_WOLFSSL_LIBS_value=
ac_cv_env_build_alias_set=
ac_cv_env_build_alias_value=
ac_cv_env_host_alias_set=
ac_cv_env_host_alias_value=
ac_cv_env_libsystemd_CFLAGS_set=
ac_cv_env_libsystemd_CFLAGS_value=
ac_cv_env_libsystemd_LIBS_set=
ac_cv_env_libsystemd_LIBS_value=
ac_cv_env_target_alias_set=
ac_cv_env_target_alias_value=
ac_cv_host=x86_64-pc-linux-gnu
ac_cv_objext=o
ac_cv_path_install='/usr/bin/install -c'
ac_cv_path_mkdir=/usr/bin/mkdir
ac_cv_prog_AWK=gawk
ac_cv_prog_ac_ct_CC=gcc
ac_cv_prog_cc_g=no
ac_cv_prog_make_make_set=yes
am_cv_make_support_nested_variables=yes

## ----------------- ##
## Output variables. ##
## ----------------- ##

ACLOCAL='${SHELL} '\''/home/thakshana/Desktop/THAKSHANA/thakshana-openvpn/code/openvpn_v2.6.13_develop/missing'\'' aclocal-1.16'
AMDEPBACKSLASH='\'
AMDEP_FALSE='#'
AMDEP_TRUE=''
AMTAR='$${TAR-tar}'
AM_BACKSLASH='\'
AM_DEFAULT_V='$(AM_DEFAULT_VERBOSITY)'
AM_DEFAULT_VERBOSITY='0'
AM_V='$(V)'
AR=''
AS=''
AUTOCONF='${SHELL} '\''/home/thakshana/Desktop/THAKSHANA/thakshana-openvpn/code/openvpn_v2.6.13_develop/missing'\'' autoconf'
AUTOHEADER='${SHELL} '\''/home/thakshana/Desktop/THAKSHANA/thakshana-openvpn/code/openvpn_v2.6.13_develop/missing'\'' autoheader'
AUTOMAKE='${SHELL} '\''/home/thakshana/Desktop/THAKSHANA/thakshana-openvpn/code/openvpn_v2.6.13_develop/missing'\'' automake-1.16'
AWK='gawk'
CC='gcc'
CCDEPMODE=''
CFLAGS='-g'
CMOCKA_CFLAGS=''
CMOCKA_LIBS=''
CPP=''
CPPFLAGS=''
CROSS_COMPILING_FALSE=''
CROSS_COMPILING_TRUE=''
CSCOPE='cscope'
CTAGS='ctags'
CYGPATH_W='echo'
DEFS=''
DEPDIR='.deps'
DLLTOOL=''
DL_LIBS=''
DSYMUTIL=''
DUMPBIN=''
ECHO_C=''
ECHO_N='-n'
ECHO_T=''
EGREP=''
ENABLE_PLUGIN_AUTH_PAM_FALSE=''
ENABLE_PLUGIN_AUTH_PAM_TRUE=''
ENABLE_PLUGIN_DOWN_ROOT_FALSE=''
ENABLE_PLUGIN_DOWN_ROOT_TRUE=''
ENABLE_SYSTEMD_FALSE=''
ENABLE_SYSTEMD_TRUE=''
ENABLE_UNITTESTS=''
ENABLE_UNITTESTS_FALSE=''
ENABLE_UNITTESTS_TRUE=''
ETAGS='etags'
EXEEXT=''
FGREP=''
GIT=''
GIT_CHECKOUT_FALSE=''
GIT_CHECKOUT_TRUE=''
GREP=''
HAVE_LD_WRAP_SUPPORT_FALSE=''
HAVE_LD_WRAP_SUPPORT_TRUE=''
HAVE_PYDOCUTILS_FALSE=''
HAVE_PYDOCUTILS_TRUE=''
HAVE_SITNL_FALSE=''
HAVE_SITNL_TRUE=''
HAVE_SOFTHSM2_FALSE=''
HAVE_SOFTHSM2_TRUE=''
IFCONFIG=''
INSTALL_DATA='${INSTALL} -m 644'
INSTALL_PROGRAM='${INSTALL}'
INSTALL_SCRIPT='${INSTALL}'
INSTALL_STRIP_PROGRAM='$(install_sh) -c -s'
IPROUTE=''
LD=''
LDFLAGS=''
LIBCAPNG_CFLAGS=''
LIBCAPNG_LIBS=''
LIBNL_GENL_CFLAGS=''
LIBNL_GENL_LIBS=''
LIBOBJS=''
LIBPAM_CFLAGS=''
LIBPAM_LIBS=''
LIBS=''
LIBTOOL=''
LIPO=''
LN_S=''
LTLIBOBJS=''
LT_SYS_LIBRARY_PATH=''
LZ4_CFLAGS=''
LZ4_LIBS=''
LZO_CFLAGS=''
LZO_LIBS=''
MAKEINFO='${SHELL} '\''/home/thakshana/Desktop/THAKSHANA/thakshana-openvpn/code/openvpn_v2.6.13_develop/missing'\'' makeinfo'
MANIFEST_TOOL=''
MBEDTLS_CFLAGS=''
MBEDTLS_LIBS=''
MKDIR_P='/usr/bin/mkdir -p'
NETSTAT=''
NM=''
NMEDIT=''
OBJDUMP=''
OBJEXT='o'
OPENSSL_CFLAGS=''
OPENSSL_ENGINE_FALSE=''
OPENSSL_ENGINE_TRUE=''
OPENSSL_LIBS=''
OPENVPN_VERSION_MAJOR='2'
OPENVPN_VERSION_MINOR='7'
OPENVPN_VERSION_PATCH='_git'
OPTIONAL_CRYPTO_CFLAGS=''
OPTIONAL_CRYPTO_LIBS=''
OPTIONAL_DL_LIBS=''
OPTIONAL_INOTIFY_CFLAGS=''
OPTIONAL_INOTIFY_LIBS=''
OPTIONAL_LIBCAPNG_CFLAGS=''
OPTIONAL_LIBCAPNG_LIBS=''
OPTIONAL_LIBNL_GENL_CFLAGS=''
OPTIONAL_LIBNL_GENL_LIBS=''
OPTIONAL_LZ4_CFLAGS=''
OPTIONAL_LZ4_LIBS=''
OPTIONAL_LZO_CFLAGS=''
OPTIONAL_LZO_LIBS=''
OPTIONAL_PKCS11_HELPER_CFLAGS=''
OPTIONAL_PKCS11_HELPER_LIBS=''
OPTIONAL_SELINUX_LIBS=''
OPTIONAL_SYSTEMD_LIBS=''
OTOOL64=''
OTOOL=''
P11KIT_CFLAGS=''
P11KIT_LIBS=''
P11TOOL=''
PACKAGE='openvpn'
PACKAGE_BUGREPORT='openvpn-users@lists.sourceforge.net'
PACKAGE_NAME='OpenVPN'
PACKAGE_STRING='OpenVPN 2.7_git'
PACKAGE_TARNAME='openvpn'
PACKAGE_URL=''
PACKAGE_VERSION='2.7_git'
PATH_SEPARATOR=':'
PKCS11_HELPER_CFLAGS=''
PKCS11_HELPER_LIBS=''
PKG_CONFIG=''
PKG_CONFIG_LIBDIR=''
PKG_CONFIG_PATH=''
PLUGINDIR=''
PLUGIN_AUTH_PAM_CFLAGS=''
PLUGIN_AUTH_PAM_LIBS=''
RANLIB=''
RC=''
ROUTE=''
RST2HTML=''
RST2MAN=''
SED=''
SELINUX_LIBS=''
SET_MAKE=''
SHELL='/bin/bash'
SOCKETS_LIBS=''
SOFTHSM2_MODULE=''
SOFTHSM2_UTIL=''
STRIP=''
SYSTEMD_ASK_PASSWORD=''
SYSTEMD_UNIT_DIR=''
TAP_CFLAGS=''
TAP_WIN_COMPONENT_ID=''
TAP_WIN_MIN_MAJOR=''
TAP_WIN_MIN_MINOR=''
TARGET_LINUX_FALSE=''
TARGET_LINUX_TRUE=''
TEST_CFLAGS=''
TEST_LDFLAGS=''
TMPFILES_DIR=''
VERSION='2.7_git'
WIN32_FALSE=''
WIN32_TRUE=''
WOLFSSL_CFLAGS=''
WOLFSSL_INCLUDEDIR=''
WOLFSSL_LIBS=''
ac_ct_AR=''
ac_ct_CC='gcc'
ac_ct_DUMPBIN=''
am__EXEEXT_FALSE=''
am__EXEEXT_TRUE=''
am__fastdepCC_FALSE=''
am__fastdepCC_TRUE=''
am__include='include'
am__isrc=''
am__leading_dot='.'
am__nodep='_no'
am__quote=''
am__tar='$${TAR-tar} chof - "$$tardir"'
am__untar='$${TAR-tar} xf -'
bindir='${exec_prefix}/bin'
build='x86_64-pc-linux-gnu'
build_alias=''
build_cpu='x86_64'
build_os='linux-gnu'
build_vendor='pc'
datadir='${datarootdir}'
datarootdir='${prefix}/share'
docdir='${datarootdir}/doc/${PACKAGE_TARNAME}'
dvidir='${docdir}'
exec_prefix='NONE'
host='x86_64-pc-linux-gnu'
host_alias=''
host_cpu='x86_64'
host_os='linux-gnu'
host_vendor='pc'
htmldir='${docdir}'
includedir='${prefix}/include'
infodir='${datarootdir}/info'
install_sh='${SHELL} /home/thakshana/Desktop/THAKSHANA/thakshana-openvpn/code/openvpn_v2.6.13_develop/install-sh'
libdir='${exec_prefix}/lib'
libexecdir='${exec_prefix}/libexec'
libsystemd_CFLAGS=''
libsystemd_LIBS=''
localedir='${datarootdir}/locale'
localstatedir='${prefix}/var'
mandir='${datarootdir}/man'
mkdir_p='$(MKDIR_P)'
oldincludedir='/usr/include'
pdfdir='${docdir}'
plugindir=''
prefix='NONE'
program_transform_name='s,x,x,'
psdir='${docdir}'
runstatedir='${localstatedir}/run'
sampledir=''
sbindir='${exec_prefix}/sbin'
sharedstatedir='${prefix}/com'
sysconfdir='${prefix}/etc'
systemdunitdir=''
target_alias=''
tmpfilesdir=''

## ----------- ##
## confdefs.h. ##
## ----------- ##

/* confdefs.h */
#define PACKAGE_NAME "OpenVPN"
#define PACKAGE_TARNAME "openvpn"
#define PACKAGE_VERSION "2.7_git"
#define PACKAGE_STRING "OpenVPN 2.7_git"
#define PACKAGE_BUGREPORT "openvpn-users@lists.sourceforge.net"
#define PACKAGE_URL ""
#define OPENVPN_VERSION_RESOURCE 2,7,0,0
#define OPENVPN_VERSION_MAJOR 2
#define OPENVPN_VERSION_MINOR 7
#define OPENVPN_VERSION_PATCH "_git"
#define PACKAGE "openvpn"
#define VERSION "2.7_git"

configure: caught signal 2
configure: exit 1
